0 info it worked if it ends with ok
1 verbose cli [ 'C:\\Program Files\\nodejs\\node.exe',
1 verbose cli   'C:\\Program Files\\nodejs\\node_modules\\npm\\bin\\npm-cli.js',
1 verbose cli   'install',
1 verbose cli   '-g',
1 verbose cli   'http-server' ]
2 info using npm@3.10.10
3 info using node@v6.10.3
4 silly loadCurrentTree Starting
5 silly install loadCurrentTree
6 silly install readGlobalPackageData
7 silly fetchPackageMetaData http-server
8 silly fetchNamedPackageData http-server
9 silly mapToRegistry name http-server
10 silly mapToRegistry using default registry
11 silly mapToRegistry registry https://registry.npmjs.org/
12 silly mapToRegistry data Result {
12 silly mapToRegistry   raw: 'http-server',
12 silly mapToRegistry   scope: null,
12 silly mapToRegistry   escapedName: 'http-server',
12 silly mapToRegistry   name: 'http-server',
12 silly mapToRegistry   rawSpec: '',
12 silly mapToRegistry   spec: 'latest',
12 silly mapToRegistry   type: 'tag' }
13 silly mapToRegistry uri https://registry.npmjs.org/http-server
14 verbose request uri https://registry.npmjs.org/http-server
15 verbose request no auth needed
16 info attempt registry request try #1 at 2:19:31 PM
17 verbose request id 46d8da25c8d2a58e
18 http request GET https://registry.npmjs.org/http-server
19 http 200 https://registry.npmjs.org/http-server
20 verbose headers { server: 'nginx/1.10.1',
20 verbose headers   'content-type': 'application/json',
20 verbose headers   'last-modified': 'Thu, 18 May 2017 01:50:44 GMT',
20 verbose headers   etag: 'W/"591cfdf4-fcac"',
20 verbose headers   'content-encoding': 'gzip',
20 verbose headers   'cache-control': 'max-age=300',
20 verbose headers   'content-length': '8793',
20 verbose headers   'accept-ranges': 'bytes',
20 verbose headers   date: 'Thu, 18 May 2017 13:19:30 GMT',
20 verbose headers   via: '1.1 varnish',
20 verbose headers   age: '86',
20 verbose headers   connection: 'keep-alive',
20 verbose headers   'x-served-by': 'cache-lhr6334-LHR',
20 verbose headers   'x-cache': 'HIT',
20 verbose headers   'x-cache-hits': '1',
20 verbose headers   'x-timer': 'S1495113571.714929,VS0,VE1',
20 verbose headers   vary: 'Accept-Encoding' }
21 silly get cb [ 200,
21 silly get   { server: 'nginx/1.10.1',
21 silly get     'content-type': 'application/json',
21 silly get     'last-modified': 'Thu, 18 May 2017 01:50:44 GMT',
21 silly get     etag: 'W/"591cfdf4-fcac"',
21 silly get     'content-encoding': 'gzip',
21 silly get     'cache-control': 'max-age=300',
21 silly get     'content-length': '8793',
21 silly get     'accept-ranges': 'bytes',
21 silly get     date: 'Thu, 18 May 2017 13:19:30 GMT',
21 silly get     via: '1.1 varnish',
21 silly get     age: '86',
21 silly get     connection: 'keep-alive',
21 silly get     'x-served-by': 'cache-lhr6334-LHR',
21 silly get     'x-cache': 'HIT',
21 silly get     'x-cache-hits': '1',
21 silly get     'x-timer': 'S1495113571.714929,VS0,VE1',
21 silly get     vary: 'Accept-Encoding' } ]
22 verbose get saving http-server to C:\Users\Eoin\AppData\Roaming\npm-cache\registry.npmjs.org\http-server\.cache.json
23 verbose correctMkdir C:\Users\Eoin\AppData\Roaming\npm-cache correctMkdir not in flight; initializing
24 verbose makeDirectory C:\Users\Eoin\AppData\Roaming\npm-cache creation not in flight; initializing
25 verbose makeCacheDir UID & GID are irrelevant on win32
26 silly install normalizeTree
27 silly loadCurrentTree Finishing
28 silly loadIdealTree Starting
29 silly install loadIdealTree
30 silly cloneCurrentTree Starting
31 silly install cloneCurrentTreeToIdealTree
32 silly cloneCurrentTree Finishing
33 silly loadShrinkwrap Starting
34 silly install loadShrinkwrap
35 silly loadShrinkwrap Finishing
36 silly loadAllDepsIntoIdealTree Starting
37 silly install loadAllDepsIntoIdealTree
38 silly resolveWithNewModule http-server@0.10.0 checking installable status
39 silly cache add args [ 'http-server', null ]
40 verbose cache add spec http-server
41 silly cache add parsed spec Result {
41 silly cache add   raw: 'http-server',
41 silly cache add   scope: null,
41 silly cache add   escapedName: 'http-server',
41 silly cache add   name: 'http-server',
41 silly cache add   rawSpec: '',
41 silly cache add   spec: 'latest',
41 silly cache add   type: 'tag' }
42 silly addNamed http-server@latest
43 verbose addNamed "latest" is being treated as a dist-tag for http-server
44 info addNameTag [ 'http-server', 'latest' ]
45 silly mapToRegistry name http-server
46 silly mapToRegistry using default registry
47 silly mapToRegistry registry https://registry.npmjs.org/
48 silly mapToRegistry data Result {
48 silly mapToRegistry   raw: 'http-server',
48 silly mapToRegistry   scope: null,
48 silly mapToRegistry   escapedName: 'http-server',
48 silly mapToRegistry   name: 'http-server',
48 silly mapToRegistry   rawSpec: '',
48 silly mapToRegistry   spec: 'latest',
48 silly mapToRegistry   type: 'tag' }
49 silly mapToRegistry uri https://registry.npmjs.org/http-server
50 verbose addNameTag registry:https://registry.npmjs.org/http-server not in flight; fetching
51 verbose get https://registry.npmjs.org/http-server not expired, no request
52 silly addNameTag next cb for http-server with tag latest
53 silly addNamed http-server@0.10.0
54 verbose addNamed "0.10.0" is a plain semver version for http-server
55 silly mapToRegistry name http-server
56 silly mapToRegistry using default registry
57 silly mapToRegistry registry https://registry.npmjs.org/
58 silly mapToRegistry data Result {
58 silly mapToRegistry   raw: 'http-server',
58 silly mapToRegistry   scope: null,
58 silly mapToRegistry   escapedName: 'http-server',
58 silly mapToRegistry   name: 'http-server',
58 silly mapToRegistry   rawSpec: '',
58 silly mapToRegistry   spec: 'latest',
58 silly mapToRegistry   type: 'tag' }
59 silly mapToRegistry uri https://registry.npmjs.org/http-server
60 verbose addRemoteTarball https://registry.npmjs.org/http-server/-/http-server-0.10.0.tgz not in flight; adding
61 verbose addRemoteTarball [ 'https://registry.npmjs.org/http-server/-/http-server-0.10.0.tgz',
61 verbose addRemoteTarball   'b2a446b16a9db87ed3c622ba9beb1b085b1234a7' ]
62 info retry fetch attempt 1 at 2:19:31 PM
63 info attempt registry request try #1 at 2:19:31 PM
64 http fetch GET https://registry.npmjs.org/http-server/-/http-server-0.10.0.tgz
65 http fetch 200 https://registry.npmjs.org/http-server/-/http-server-0.10.0.tgz
66 warn retry will retry, error on last attempt: Error: EBUSY: resource busy or locked, rename 'C:\Users\Eoin\AppData\Local\Temp\npm-3100-d627d9db\registry.npmjs.org\http-server\-\http-server-0.10.0.tgz.2511281998' -> 'C:\Users\Eoin\AppData\Local\Temp\npm-3100-d627d9db\registry.npmjs.org\http-server\-\http-server-0.10.0.tgz'
67 verbose stack TypeError: tarball.destroy is not a function
67 verbose stack     at WriteStreamAtomic.<anonymous> (C:\Program Files\nodejs\node_modules\npm\lib\cache\add-remote-tarball.js:97:15)
67 verbose stack     at emitOne (events.js:101:20)
67 verbose stack     at WriteStreamAtomic.emit (events.js:188:7)
67 verbose stack     at WriteStreamAtomic.emit (C:\Program Files\nodejs\node_modules\npm\node_modules\fs-write-stream-atomic\index.js:60:34)
67 verbose stack     at C:\Program Files\nodejs\node_modules\npm\node_modules\fs-write-stream-atomic\index.js:89:19
67 verbose stack     at FSReqWrap.oncomplete (fs.js:123:15)
68 verbose cwd D:\Work\Job Assignments\Glass Lewis
69 error Windows_NT 10.0.14393
70 error argv "C:\\Program Files\\nodejs\\node.exe" "C:\\Program Files\\nodejs\\node_modules\\npm\\bin\\npm-cli.js" "install" "-g" "http-server"
71 error node v6.10.3
72 error npm  v3.10.10
73 error tarball.destroy is not a function
74 error If you need help, you may report this error at:
74 error     <https://github.com/npm/npm/issues>
75 verbose exit [ 1, true ]
